  main.cpp
C:\Users\huawei\Desktop\РИСУНКИ НА АИП\OpenGL_tutorial_ANTONIUK\tut_Basic_Objects\main.cpp(27,28): warning C4305: аргумент: усечение из "double" в "GLfloat"
C:\Users\huawei\Desktop\РИСУНКИ НА АИП\OpenGL_tutorial_ANTONIUK\tut_Basic_Objects\main.cpp(29,22): warning C4305: аргумент: усечение из "double" в "GLfloat"
C:\Users\huawei\Desktop\РИСУНКИ НА АИП\OpenGL_tutorial_ANTONIUK\tut_Basic_Objects\main.cpp(30,23): warning C4305: аргумент: усечение из "double" в "GLfloat"
C:\Users\huawei\Desktop\РИСУНКИ НА АИП\OpenGL_tutorial_ANTONIUK\tut_Basic_Objects\main.cpp(35,25): warning C4305: аргумент: усечение из "double" в "GLfloat"
C:\Users\huawei\Desktop\РИСУНКИ НА АИП\OpenGL_tutorial_ANTONIUK\tut_Basic_Objects\main.cpp(36,22): warning C4305: аргумент: усечение из "double" в "GLfloat"
C:\Users\huawei\Desktop\РИСУНКИ НА АИП\OpenGL_tutorial_ANTONIUK\tut_Basic_Objects\main.cpp(37,23): warning C4305: аргумент: усечение из "double" в "GLfloat"
C:\Users\huawei\Desktop\РИСУНКИ НА АИП\OpenGL_tutorial_ANTONIUK\tut_Basic_Objects\main.cpp(38,21): warning C4305: аргумент: усечение из "double" в "GLfloat"
C:\Users\huawei\Desktop\РИСУНКИ НА АИП\OpenGL_tutorial_ANTONIUK\tut_Basic_Objects\main.cpp(42,22): warning C4305: аргумент: усечение из "double" в "GLfloat"
C:\Users\huawei\Desktop\РИСУНКИ НА АИП\OpenGL_tutorial_ANTONIUK\tut_Basic_Objects\main.cpp(43,24): warning C4305: аргумент: усечение из "double" в "GLfloat"
C:\Users\huawei\Desktop\РИСУНКИ НА АИП\OpenGL_tutorial_ANTONIUK\tut_Basic_Objects\main.cpp(44,24): warning C4305: аргумент: усечение из "double" в "GLfloat"
C:\Users\huawei\Desktop\РИСУНКИ НА АИП\OpenGL_tutorial_ANTONIUK\tut_Basic_Objects\main.cpp(45,24): warning C4305: аргумент: усечение из "double" в "GLfloat"
C:\Users\huawei\Desktop\РИСУНКИ НА АИП\OpenGL_tutorial_ANTONIUK\tut_Basic_Objects\main.cpp(46,24): warning C4305: аргумент: усечение из "double" в "GLfloat"
main.obj : error LNK2019: ссылка на неразрешенный внешний символ __imp_glutInitWindowPosition в функции main.
main.obj : error LNK2019: ссылка на неразрешенный внешний символ __imp_glutInitWindowSize в функции main.
main.obj : error LNK2019: ссылка на неразрешенный внешний символ __imp_glutInitDisplayMode в функции main.
main.obj : error LNK2019: ссылка на неразрешенный внешний символ __imp_glutMainLoop в функции main.
main.obj : error LNK2019: ссылка на неразрешенный внешний символ __imp_glutSwapBuffers в функции "void __cdecl renderScene(void)" (?renderScene@@YAXXZ).
main.obj : error LNK2019: ссылка на неразрешенный внешний символ __imp_glutDisplayFunc в функции main.
main.obj : error LNK2019: ссылка на неразрешенный внешний символ __imp___glutInitWithExit в функции glutInit_ATEXIT_HACK.
main.obj : error LNK2019: ссылка на неразрешенный внешний символ __imp___glutCreateWindowWithExit в функции glutCreateWindow_ATEXIT_HACK.
C:\Users\huawei\Desktop\РИСУНКИ НА АИП\OpenGL_tutorial_ANTONIUK\tut_Basic_Objects\lib\freeglut.lib : warning LNK4272: тип компьютера библиотеки "x86" конфликтует с типом целевого компьютера "x64"
C:\Users\huawei\Desktop\РИСУНКИ НА АИП\OpenGL_tutorial_ANTONIUK\x64\Debug\tut_Basic_Objects.exe : fatal error LNK1120: неразрешенных внешних элементов: 8
